\BOOKMARK [0][-]{chapter.1}{Introduzione}{}% 1
\BOOKMARK [0][-]{chapter.2}{Stato dell'Arte}{}% 2
\BOOKMARK [0][-]{chapter.3}{Contesto di sviluppo}{}% 3
\BOOKMARK [1][-]{section.3.1}{Measurify}{chapter.3}% 4
\BOOKMARK [1][-]{section.3.2}{Edge Engine}{chapter.3}% 5
\BOOKMARK [1][-]{section.3.3}{Evoluzione del progetto}{chapter.3}% 6
\BOOKMARK [0][-]{chapter.4}{Implementazione}{}% 7
\BOOKMARK [1][-]{section.4.1}{Librerie POCO}{chapter.4}% 8
\BOOKMARK [2][-]{subsection.4.1.1}{Installazione}{section.4.1}% 9
\BOOKMARK [1][-]{section.4.2}{Utilizzo}{chapter.4}% 10
\BOOKMARK [1][-]{section.4.3}{Classi wrapper}{chapter.4}% 11
\BOOKMARK [2][-]{subsection.4.3.1}{Connection\137windows}{section.4.3}% 12
\BOOKMARK [2][-]{subsection.4.3.2}{APIRest\137windows}{section.4.3}% 13
\BOOKMARK [2][-]{subsection.4.3.3}{myDefines.h}{section.4.3}% 14
\BOOKMARK [1][-]{section.4.4}{Esempio di prova}{chapter.4}% 15
\BOOKMARK [1][-]{section.4.5}{Creazione della libreria}{chapter.4}% 16
\BOOKMARK [0][-]{chapter.5}{Esperimenti}{}% 17
\BOOKMARK [1][-]{section.5.1}{Applicazione Windows}{chapter.5}% 18
\BOOKMARK [1][-]{section.5.2}{Applicazione alla Realt\340 Virtuale}{chapter.5}% 19
\BOOKMARK [2][-]{subsection.5.2.1}{Plugin}{section.5.2}% 20
\BOOKMARK [2][-]{subsection.5.2.2}{Unity}{section.5.2}% 21
